#! /usr/local/bin/vvp
:ivl_version "10.1 (stable)" "(v10_1-132-g41c6a0e0)";
:ivl_delay_selection "TYPICAL";
:vpi_time_precision - 12;
:vpi_module "system";
:vpi_module "vhdl_sys";
:vpi_module "v2005_math";
:vpi_module "va_math";
S_0x7fab655010e0 .scope module, "andornot_tb" "andornot_tb" 2 3;
 .timescale -12 -12;
v0x7fab65522a40_0 .var/s "a", 7 0;
v0x7fab65522af0_0 .var/s "b", 7 0;
v0x7fab65522ba0_0 .var "ctrl", 1 0;
v0x7fab65522c70_0 .net/s "s", 7 0, v0x7fab65522910_0;  1 drivers
S_0x7fab655127a0 .scope module, "Johnson" "andornot" 2 49, 3 9 0, S_0x7fab655010e0;
 .timescale 0 0;
    .port_info 0 /OUTPUT 8 "s"
    .port_info 1 /INPUT 8 "a"
    .port_info 2 /INPUT 8 "b"
    .port_info 3 /INPUT 2 "ctrl"
v0x7fab655012a0_0 .net "a", 7 0, v0x7fab65522a40_0;  1 drivers
v0x7fab65522700_0 .net "b", 7 0, v0x7fab65522af0_0;  1 drivers
v0x7fab655227b0_0 .net "ctrl", 1 0, v0x7fab65522ba0_0;  1 drivers
o0x106097098 .functor BUFZ 1, C4<z>; HiZ drive
v0x7fab65522870_0 .net "overflow", 0 0, o0x106097098;  0 drivers
v0x7fab65522910_0 .var "s", 7 0;
E_0x7fab655034a0 .event edge, v0x7fab65522700_0, v0x7fab655012a0_0, v0x7fab655227b0_0;
    .scope S_0x7fab655127a0;
T_0 ;
    %wait E_0x7fab655034a0;
    %load/vec4 v0x7fab655227b0_0;
    %dup/vec4;
    %pushi/vec4 0, 0, 2;
    %cmp/u;
    %jmp/1 T_0.0, 6;
    %dup/vec4;
    %pushi/vec4 1, 0, 2;
    %cmp/u;
    %jmp/1 T_0.1, 6;
    %dup/vec4;
    %pushi/vec4 2, 0, 2;
    %cmp/u;
    %jmp/1 T_0.2, 6;
    %jmp T_0.3;
T_0.0 ;
    %load/vec4 v0x7fab655012a0_0;
    %load/vec4 v0x7fab65522700_0;
    %and;
    %store/vec4 v0x7fab65522910_0, 0, 8;
    %jmp T_0.3;
T_0.1 ;
    %load/vec4 v0x7fab655012a0_0;
    %load/vec4 v0x7fab65522700_0;
    %or;
    %store/vec4 v0x7fab65522910_0, 0, 8;
    %jmp T_0.3;
T_0.2 ;
    %load/vec4 v0x7fab655012a0_0;
    %inv;
    %store/vec4 v0x7fab65522910_0, 0, 8;
    %jmp T_0.3;
T_0.3 ;
    %pop/vec4 1;
    %jmp T_0;
    .thread T_0, $push;
    .scope S_0x7fab655010e0;
T_1 ;
    %vpi_call 2 11 "$dumpfile", "andornot.vcd" {0 0 0};
    %vpi_call 2 12 "$dumpvars", 32'sb00000000000000000000000000000000, S_0x7fab655127a0 {0 0 0};
    %vpi_call 2 13 "$display", "  a   b ctrl   s  overflow" {0 0 0};
    %vpi_call 2 14 "$monitor", "%d %d  %d  | %d  %d", v0x7fab65522a40_0, v0x7fab65522af0_0, v0x7fab65522ba0_0, v0x7fab65522c70_0, v0x7fab65522ba0_0 {0 0 0};
    %delay 0, 0;
    %pushi/vec4 5, 0, 8;
    %store/vec4 v0x7fab65522a40_0, 0, 8;
    %pushi/vec4 0, 0, 8;
    %store/vec4 v0x7fab65522af0_0, 0, 8;
    %pushi/vec4 0, 0, 2;
    %store/vec4 v0x7fab65522ba0_0, 0, 2;
    %delay 50, 0;
    %pushi/vec4 5, 0, 8;
    %store/vec4 v0x7fab65522a40_0, 0, 8;
    %pushi/vec4 1, 0, 8;
    %store/vec4 v0x7fab65522af0_0, 0, 8;
    %pushi/vec4 0, 0, 2;
    %store/vec4 v0x7fab65522ba0_0, 0, 2;
    %delay 50, 0;
    %pushi/vec4 5, 0, 8;
    %store/vec4 v0x7fab65522a40_0, 0, 8;
    %pushi/vec4 2, 0, 8;
    %store/vec4 v0x7fab65522af0_0, 0, 8;
    %pushi/vec4 0, 0, 2;
    %store/vec4 v0x7fab65522ba0_0, 0, 2;
    %delay 50, 0;
    %pushi/vec4 5, 0, 8;
    %store/vec4 v0x7fab65522a40_0, 0, 8;
    %pushi/vec4 4, 0, 8;
    %store/vec4 v0x7fab65522af0_0, 0, 8;
    %pushi/vec4 0, 0, 2;
    %store/vec4 v0x7fab65522ba0_0, 0, 2;
    %delay 50, 0;
    %pushi/vec4 5, 0, 8;
    %store/vec4 v0x7fab65522a40_0, 0, 8;
    %pushi/vec4 4, 0, 8;
    %store/vec4 v0x7fab65522af0_0, 0, 8;
    %pushi/vec4 0, 0, 2;
    %store/vec4 v0x7fab65522ba0_0, 0, 2;
    %delay 50, 0;
    %pushi/vec4 5, 0, 8;
    %store/vec4 v0x7fab65522a40_0, 0, 8;
    %pushi/vec4 5, 0, 8;
    %store/vec4 v0x7fab65522af0_0, 0, 8;
    %pushi/vec4 0, 0, 2;
    %store/vec4 v0x7fab65522ba0_0, 0, 2;
    %delay 50, 0;
    %pushi/vec4 5, 0, 8;
    %store/vec4 v0x7fab65522a40_0, 0, 8;
    %pushi/vec4 250, 0, 8;
    %store/vec4 v0x7fab65522af0_0, 0, 8;
    %pushi/vec4 0, 0, 2;
    %store/vec4 v0x7fab65522ba0_0, 0, 2;
    %delay 50, 0;
    %pushi/vec4 5, 0, 8;
    %store/vec4 v0x7fab65522a40_0, 0, 8;
    %pushi/vec4 249, 0, 8;
    %store/vec4 v0x7fab65522af0_0, 0, 8;
    %pushi/vec4 0, 0, 2;
    %store/vec4 v0x7fab65522ba0_0, 0, 2;
    %delay 50, 0;
    %pushi/vec4 5, 0, 8;
    %store/vec4 v0x7fab65522a40_0, 0, 8;
    %pushi/vec4 0, 0, 8;
    %store/vec4 v0x7fab65522af0_0, 0, 8;
    %pushi/vec4 1, 0, 2;
    %store/vec4 v0x7fab65522ba0_0, 0, 2;
    %delay 50, 0;
    %pushi/vec4 5, 0, 8;
    %store/vec4 v0x7fab65522a40_0, 0, 8;
    %pushi/vec4 1, 0, 8;
    %store/vec4 v0x7fab65522af0_0, 0, 8;
    %pushi/vec4 1, 0, 2;
    %store/vec4 v0x7fab65522ba0_0, 0, 2;
    %delay 50, 0;
    %pushi/vec4 5, 0, 8;
    %store/vec4 v0x7fab65522a40_0, 0, 8;
    %pushi/vec4 2, 0, 8;
    %store/vec4 v0x7fab65522af0_0, 0, 8;
    %pushi/vec4 1, 0, 2;
    %store/vec4 v0x7fab65522ba0_0, 0, 2;
    %delay 50, 0;
    %pushi/vec4 5, 0, 8;
    %store/vec4 v0x7fab65522a40_0, 0, 8;
    %pushi/vec4 4, 0, 8;
    %store/vec4 v0x7fab65522af0_0, 0, 8;
    %pushi/vec4 1, 0, 2;
    %store/vec4 v0x7fab65522ba0_0, 0, 2;
    %delay 50, 0;
    %pushi/vec4 5, 0, 8;
    %store/vec4 v0x7fab65522a40_0, 0, 8;
    %pushi/vec4 4, 0, 8;
    %store/vec4 v0x7fab65522af0_0, 0, 8;
    %pushi/vec4 1, 0, 2;
    %store/vec4 v0x7fab65522ba0_0, 0, 2;
    %delay 50, 0;
    %pushi/vec4 5, 0, 8;
    %store/vec4 v0x7fab65522a40_0, 0, 8;
    %pushi/vec4 5, 0, 8;
    %store/vec4 v0x7fab65522af0_0, 0, 8;
    %pushi/vec4 1, 0, 2;
    %store/vec4 v0x7fab65522ba0_0, 0, 2;
    %delay 50, 0;
    %pushi/vec4 5, 0, 8;
    %store/vec4 v0x7fab65522a40_0, 0, 8;
    %pushi/vec4 250, 0, 8;
    %store/vec4 v0x7fab65522af0_0, 0, 8;
    %pushi/vec4 1, 0, 2;
    %store/vec4 v0x7fab65522ba0_0, 0, 2;
    %delay 50, 0;
    %pushi/vec4 5, 0, 8;
    %store/vec4 v0x7fab65522a40_0, 0, 8;
    %pushi/vec4 249, 0, 8;
    %store/vec4 v0x7fab65522af0_0, 0, 8;
    %pushi/vec4 1, 0, 2;
    %store/vec4 v0x7fab65522ba0_0, 0, 2;
    %delay 50, 0;
    %pushi/vec4 5, 0, 8;
    %store/vec4 v0x7fab65522a40_0, 0, 8;
    %pushi/vec4 0, 0, 8;
    %store/vec4 v0x7fab65522af0_0, 0, 8;
    %pushi/vec4 2, 0, 2;
    %store/vec4 v0x7fab65522ba0_0, 0, 2;
    %delay 50, 0;
    %pushi/vec4 5, 0, 8;
    %store/vec4 v0x7fab65522a40_0, 0, 8;
    %pushi/vec4 1, 0, 8;
    %store/vec4 v0x7fab65522af0_0, 0, 8;
    %pushi/vec4 2, 0, 2;
    %store/vec4 v0x7fab65522ba0_0, 0, 2;
    %delay 50, 0;
    %pushi/vec4 5, 0, 8;
    %store/vec4 v0x7fab65522a40_0, 0, 8;
    %pushi/vec4 2, 0, 8;
    %store/vec4 v0x7fab65522af0_0, 0, 8;
    %pushi/vec4 2, 0, 2;
    %store/vec4 v0x7fab65522ba0_0, 0, 2;
    %delay 50, 0;
    %pushi/vec4 5, 0, 8;
    %store/vec4 v0x7fab65522a40_0, 0, 8;
    %pushi/vec4 4, 0, 8;
    %store/vec4 v0x7fab65522af0_0, 0, 8;
    %pushi/vec4 2, 0, 2;
    %store/vec4 v0x7fab65522ba0_0, 0, 2;
    %delay 50, 0;
    %pushi/vec4 5, 0, 8;
    %store/vec4 v0x7fab65522a40_0, 0, 8;
    %pushi/vec4 4, 0, 8;
    %store/vec4 v0x7fab65522af0_0, 0, 8;
    %pushi/vec4 2, 0, 2;
    %store/vec4 v0x7fab65522ba0_0, 0, 2;
    %delay 50, 0;
    %pushi/vec4 5, 0, 8;
    %store/vec4 v0x7fab65522a40_0, 0, 8;
    %pushi/vec4 5, 0, 8;
    %store/vec4 v0x7fab65522af0_0, 0, 8;
    %pushi/vec4 2, 0, 2;
    %store/vec4 v0x7fab65522ba0_0, 0, 2;
    %delay 50, 0;
    %pushi/vec4 5, 0, 8;
    %store/vec4 v0x7fab65522a40_0, 0, 8;
    %pushi/vec4 250, 0, 8;
    %store/vec4 v0x7fab65522af0_0, 0, 8;
    %pushi/vec4 2, 0, 2;
    %store/vec4 v0x7fab65522ba0_0, 0, 2;
    %delay 50, 0;
    %pushi/vec4 5, 0, 8;
    %store/vec4 v0x7fab65522a40_0, 0, 8;
    %pushi/vec4 249, 0, 8;
    %store/vec4 v0x7fab65522af0_0, 0, 8;
    %pushi/vec4 2, 0, 2;
    %store/vec4 v0x7fab65522ba0_0, 0, 2;
    %delay 50, 0;
    %vpi_call 2 46 "$finish" {0 0 0};
    %end;
    .thread T_1;
# The file index is used to find the file name in the following table.
:file_names 4;
    "N/A";
    "<interactive>";
    "andornot_tb.v";
    "andornot.v";
